2024-04-13T19:31:06.523Z [info] Elijah User clicked on /admin/upload-csv link
2024-04-13T20:01:06.175Z [info] Elijah User clicked on /admin link
2024-04-13T20:23:29.566Z [info] Elijah User clicked on  link
2024-04-13T22:39:17.422Z [info] Elijah undefined
2024-04-13T22:41:59.815Z [info] Elijah undefined
2024-04-13T22:47:36.941Z [info] Elijah clicked on /admin/upload-csv link
2024-04-13T22:56:13.043Z [info] Elijah undefined
2024-04-13T23:04:36.932Z [info] Elijah clicked 
2024-04-13T23:25:29.223Z [info] Yaw clicked 
2024-04-13T23:25:45.137Z [info] Yaw clicked 
2024-04-14T07:38:28.623Z [info] Yaw clicked 
2024-04-14T07:52:52.119Z [info] Yaw clicked 
2024-04-14T07:53:28.452Z [info] Yaw clicked 
2024-04-14T07:53:56.831Z [info] Yaw clicked 
2024-04-14T07:57:04.933Z [info] Yaw clicked 
2024-04-14T07:57:14.681Z [info] Yaw clicked 
2024-04-14T07:57:17.527Z [info] Yaw clicked 
2024-04-14T07:57:20.605Z [info] Yaw clicked 
2024-04-14T07:57:24.414Z [info] Yaw clicked 
2024-04-14T07:57:42.619Z [info] Yaw clicked 
2024-04-14T07:57:47.433Z [info] Yaw clicked 
2024-04-14T07:57:53.613Z [info] Yaw clicked 
2024-04-14T07:57:57.303Z [info] Yaw clicked 
2024-04-14T07:57:59.679Z [info] Yaw clicked 
2024-04-14T07:58:01.901Z [info] Yaw clicked 
2024-04-14T07:58:06.784Z [info] Yaw clicked 
2024-04-14T07:58:07.393Z [info] Yaw clicked 
2024-04-14T08:04:10.861Z [info] Yaw clicked 
2024-04-14T08:04:50.220Z [info] Yaw clicked 
2024-04-14T08:05:11.973Z [info] Yaw clicked 
2024-04-14T08:05:35.188Z [info] Yaw clicked 
2024-04-14T08:05:56.435Z [info] Yaw clicked 
2024-04-14T08:07:03.982Z [info] Yaw clicked 
2024-04-14T08:07:17.190Z [info] Yaw clicked 
2024-04-14T08:07:22.338Z [info] Yaw clicked 
2024-04-14T08:07:32.320Z [info] Yaw clicked 
2024-04-14T08:08:21.343Z [info] Yaw clicked 
2024-04-14T08:08:36.722Z [info] Yaw clicked 
2024-04-14T08:09:04.138Z [info] Yaw clicked 
2024-04-14T08:09:26.867Z [info] Yaw clicked 
2024-04-14T08:10:11.104Z [info] Yaw clicked 
2024-04-14T08:11:26.031Z [info] Yaw clicked 
2024-04-14T08:11:34.620Z [info] Yaw clicked 
2024-04-14T08:11:51.962Z [info] Yaw clicked 
2024-04-14T08:12:06.026Z [info] Yaw clicked 
2024-04-14T08:22:11.737Z [info] Yaw clicked 
2024-04-14T08:24:21.250Z [info] Yaw clicked 
2024-04-14T08:35:18.105Z [info] Yaw clicked 
2024-04-14T08:35:35.483Z [info] Yaw clicked 
2024-04-14T08:37:06.254Z [info] Yaw clicked 
2024-04-14T08:51:22.148Z [info] Yaw clicked 
2024-04-14T08:51:43.836Z [info] Yaw clicked 
2024-04-14T08:52:12.774Z [info] Yaw clicked 
2024-04-14T08:55:31.454Z [info] Yaw clicked 
2024-04-14T08:55:37.902Z [info] Yaw clicked 
2024-04-14T08:55:40.170Z [info] Yaw clicked 
2024-04-14T08:55:47.699Z [info] Yaw clicked 
2024-04-14T08:55:55.124Z [info] Yaw clicked 
2024-04-14T08:56:09.970Z [info] Yaw clicked 
2024-04-14T08:56:17.101Z [info] Yaw clicked 
2024-04-14T09:01:16.766Z [info] Yaw clicked 
2024-04-14T09:01:28.297Z [info] Yaw clicked 
2024-04-14T09:01:34.175Z [info] Yaw clicked 
2024-04-14T09:01:45.650Z [info] Yaw clicked 
2024-04-14T09:45:28.299Z [info] Yaw clicked 
2024-04-14T21:21:15.137Z [info] Yaw clicked 
2024-04-14T21:21:18.675Z [info] Yaw clicked 
2024-04-14T21:23:28.623Z [info] Yaw clicked 
2024-04-14T21:23:42.027Z [info] Yaw clicked 
2024-04-14T21:24:02.139Z [info] Yaw clicked 
2024-04-14T21:27:15.055Z [info] Yaw clicked 
2024-04-14T21:27:29.427Z [info] Yaw clicked 
2024-04-14T22:26:01.768Z [error] Yaw Duah Error uploading image: Error: Connection terminated unexpectedly
